info: May-11-2022 22:48:10: 	UserAction
info: May-11-2022 22:02:33: 	Register
info: May-11-2022 22:02:53: 	Login
info: May-11-2022 22:02:59: 	Login error
info: May-11-2022 22:09:49: 	Login error
info: May-11-2022 22:10:02: 	Login error
info: May-11-2022 22:10:14: 	Login error
info: May-11-2022 22:11:10: 	Login error
info: May-11-2022 22:13:39: 	Login error
info: May-11-2022 22:18:09: 	Login error
info: May-11-2022 22:20:28: 	Login
info: May-11-2022 22:20:41: 	Login
info: May-11-2022 22:21:21: 	Login error
info: May-11-2022 22:22:06: 	Register
info: May-11-2022 22:48:25: 	Register
info: May-12-2022 15:21:32: 	UserAction
info: May-12-2022 15:22:22: 	UserAction
info: May-12-2022 15:24:00: 	UserAction
info: May-12-2022 15:25:00: 	UserAction
info: May-12-2022 15:25:20: 	UserAction
info: May-12-2022 15:27:03: 	UserAction
info: Nov-27-2022 10:30:19: 	UserAction
info: Nov-27-2022 11:16:06: 	UserAction
info: Nov-28-2022 15:26:45: 	UserAction
info: Nov-28-2022 15:27:57: 	UserAction
info: Apr-23-2023 10:22:51: 	UserAction
info: Apr-23-2023 11:05:37: 	UserAction
info: Apr-23-2023 11:07:28: 	UserAction
info: Apr-23-2023 11:08:12: 	UserAction
info: Apr-28-2023 22:34:19: 	UserAction
info: Apr-28-2023 22:54:11: 	UserAction
info: Apr-28-2023 23:03:19: 	Register
info: Apr-28-2023 23:03:26: 	Login
info: Apr-29-2023 00:02:09: 	UserAction
info: Apr-29-2023 00:32:19: 	UserAction
info: May-11-2023 18:56:04: 	UserAction
info: May-11-2023 18:56:39: 	Register
info: May-11-2023 18:56:52: 	Login
info: May-14-2023 22:49:56: 	UserAction
info: May-14-2023 23:00:53: 	Login
info: May-15-2023 14:10:12: 	UserAction
info: May-15-2023 14:11:31: 	UserAction
info: May-15-2023 14:13:22: 	UserAction
info: Nov-26-2023 18:19:37: 	UserAction
info: Nov-26-2023 18:24:24: 	UserAction
info: Nov-26-2023 18:24:40: 	UserAction
info: Nov-27-2023 12:38:54: 	UserAction
info: Nov-27-2023 14:09:48: 	UserAction
info: Nov-27-2023 14:15:13: 	UserAction
info: Nov-27-2023 14:21:33: 	Login error
info: Nov-27-2023 14:23:26: 	UserAction
info: Nov-27-2023 14:23:32: 	Registration error
info: Nov-27-2023 14:23:33: 	Register
info: Nov-27-2023 14:23:33: 	Login error
info: Nov-27-2023 14:23:33: 	Login error
info: Nov-27-2023 14:23:44: 	UserAction
info: Nov-27-2023 14:23:51: 	UserAction
info: Nov-27-2023 14:23:57: 	Registration error
info: Nov-27-2023 14:23:58: 	Login
info: Nov-27-2023 14:23:58: 	Login error
info: Nov-27-2023 14:24:59: 	UserAction
info: Nov-27-2023 14:25:05: 	Registration error
info: Nov-27-2023 14:25:06: 	Login
info: Nov-27-2023 14:25:06: 	Login error
info: Nov-27-2023 14:27:09: 	UserAction
info: Nov-27-2023 14:27:15: 	Registration error
info: Nov-27-2023 14:27:16: 	Login
info: Nov-27-2023 14:27:16: 	Login error
info: Nov-27-2023 14:29:49: 	UserAction
info: Nov-27-2023 14:29:56: 	Registration error
info: Nov-27-2023 14:29:56: 	Login
info: Nov-27-2023 14:29:57: 	Login error
info: Nov-27-2023 14:30:09: 	UserAction
info: Nov-27-2023 14:30:15: 	Registration error
info: Nov-27-2023 14:30:15: 	Login
info: Nov-27-2023 14:30:16: 	Login error
info: Nov-27-2023 14:32:05: 	UserAction
info: Nov-27-2023 14:32:13: 	Login
info: Nov-27-2023 14:33:32: 	UserAction
info: Nov-27-2023 14:33:38: 	Registration error
info: Nov-27-2023 14:33:39: 	Login
info: Nov-27-2023 14:33:39: 	Login error
info: Nov-27-2023 14:34:38: 	UserAction
info: Nov-27-2023 14:34:44: 	Registration error
info: Nov-27-2023 14:34:45: 	Login
info: Nov-27-2023 14:34:45: 	Login error
info: Nov-27-2023 14:34:55: 	UserAction
info: Nov-27-2023 14:35:01: 	Registration error
info: Nov-27-2023 14:35:02: 	Login
info: Nov-27-2023 14:35:02: 	Login error
info: Nov-27-2023 14:37:20: 	UserAction
info: Nov-27-2023 14:40:48: 	UserAction
info: Nov-27-2023 14:40:52: 	UserAction
info: Nov-27-2023 14:40:55: 	Registration error
info: Nov-27-2023 14:40:55: 	Login
info: Nov-27-2023 14:40:55: 	Login error
info: Nov-27-2023 14:41:53: 	UserAction
info: Nov-27-2023 14:42:00: 	UserAction
info: Nov-27-2023 14:42:05: 	Registration error
info: Nov-27-2023 14:42:05: 	Login
info: Nov-27-2023 14:42:05: 	Login error
info: Nov-27-2023 14:42:47: 	UserAction
info: Nov-27-2023 14:42:49: 	UserAction
info: Nov-27-2023 14:42:53: 	Registration error
info: Nov-27-2023 14:42:53: 	Login
info: Nov-27-2023 14:42:53: 	Login error
info: Nov-27-2023 14:43:35: 	UserAction
info: Nov-27-2023 14:43:44: 	UserAction
info: Nov-27-2023 14:43:46: 	Registration error
info: Nov-27-2023 14:43:46: 	Login
info: Nov-27-2023 14:43:47: 	Login error
info: Nov-27-2023 14:45:34: 	UserAction
info: Nov-27-2023 14:45:35: 	UserAction
info: Nov-27-2023 14:45:40: 	Registration error
info: Nov-27-2023 14:45:40: 	Login
info: Nov-27-2023 14:45:40: 	Login error
info: Nov-27-2023 14:47:20: 	UserAction
info: Nov-27-2023 14:47:26: 	Registration error
info: Nov-27-2023 14:47:26: 	Login
info: Nov-27-2023 14:47:26: 	Login error
info: Nov-27-2023 14:48:21: 	UserAction
info: Nov-27-2023 14:48:26: 	Registration error
info: Nov-27-2023 14:48:27: 	Login
info: Nov-27-2023 14:48:27: 	Login error
info: Nov-27-2023 14:48:37: 	UserAction
info: Nov-27-2023 14:48:43: 	Registration error
info: Nov-27-2023 14:48:43: 	Login
info: Nov-27-2023 14:48:43: 	Login error
info: Nov-27-2023 14:48:47: 	UserAction
info: Nov-27-2023 14:48:48: 	UserAction
info: Nov-27-2023 14:48:52: 	Registration error
info: Nov-27-2023 14:48:52: 	Login
info: Nov-27-2023 14:48:53: 	Login error
info: Nov-27-2023 14:49:33: 	UserAction
info: Nov-27-2023 14:49:39: 	Registration error
info: Nov-27-2023 14:49:39: 	Login
info: Nov-27-2023 14:49:40: 	Login error
info: Nov-27-2023 14:50:14: 	UserAction
info: Nov-27-2023 14:50:20: 	Registration error
info: Nov-27-2023 14:50:20: 	Login
info: Nov-27-2023 14:50:21: 	Login error
info: Nov-27-2023 14:51:23: 	UserAction
info: Nov-27-2023 14:51:34: 	Registration error
info: Nov-27-2023 14:51:34: 	Login
info: Nov-27-2023 14:51:34: 	Login error
info: Nov-27-2023 14:51:43: 	UserAction
info: Nov-27-2023 14:51:53: 	Registration error
info: Nov-27-2023 14:51:53: 	Login
info: Nov-27-2023 14:51:54: 	Login error
info: Nov-27-2023 14:52:22: 	UserAction
info: Nov-27-2023 14:52:29: 	Registration error
info: Nov-27-2023 14:52:29: 	Login
info: Nov-27-2023 14:52:29: 	Login error
info: Nov-27-2023 14:52:35: 	UserAction
info: Nov-27-2023 14:52:41: 	Registration error
info: Nov-27-2023 14:52:41: 	Login
info: Nov-27-2023 14:52:41: 	Login error
info: Nov-27-2023 14:54:34: 	UserAction
info: Nov-27-2023 14:54:40: 	Registration error
info: Nov-27-2023 14:54:44: 	UserAction
info: Nov-27-2023 14:54:50: 	Registration error
info: Nov-27-2023 14:54:51: 	Login
info: Nov-27-2023 14:54:51: 	Login error
info: Nov-27-2023 14:55:34: 	UserAction
info: Nov-27-2023 14:55:38: 	UserAction
info: Nov-27-2023 14:55:44: 	Registration error
info: Nov-27-2023 14:55:45: 	Register
info: Nov-27-2023 14:55:45: 	Login
info: Nov-27-2023 14:55:45: 	Login error
info: Nov-27-2023 14:56:23: 	UserAction
info: Nov-27-2023 14:56:29: 	Registration error
info: Nov-27-2023 14:56:30: 	Login
info: Nov-27-2023 14:56:31: 	Login error
info: Nov-27-2023 14:57:36: 	UserAction
info: Nov-27-2023 14:58:19: 	UserAction
info: Nov-27-2023 14:58:25: 	Registration error
info: Nov-27-2023 14:58:25: 	Register
info: Nov-27-2023 14:58:25: 	Login
info: Nov-27-2023 14:58:25: 	Login error
info: Nov-27-2023 14:59:45: 	UserAction
info: Nov-27-2023 14:59:53: 	UserAction
info: Nov-27-2023 14:59:59: 	Registration error
info: Nov-27-2023 15:00:00: 	Login
info: Nov-27-2023 15:00:00: 	Login error
info: Nov-27-2023 15:02:39: 	UserAction
info: Nov-27-2023 15:02:45: 	Registration error
info: Nov-27-2023 15:02:46: 	Login
info: Nov-27-2023 15:02:46: 	Login error
info: Nov-27-2023 15:03:05: 	UserAction
info: Nov-27-2023 15:03:11: 	Registration error
info: Nov-27-2023 15:03:12: 	Login
info: Nov-27-2023 15:03:12: 	Login error
info: Nov-27-2023 15:03:56: 	UserAction
info: Nov-27-2023 15:04:02: 	Registration error
info: Nov-27-2023 15:04:03: 	Login
info: Nov-27-2023 15:04:03: 	Login error
info: Nov-27-2023 15:04:10: 	UserAction
info: Nov-27-2023 15:04:16: 	Registration error
info: Nov-27-2023 15:04:17: 	Login
info: Nov-27-2023 15:04:17: 	Login error
info: Nov-27-2023 15:05:06: 	UserAction
info: Nov-27-2023 15:05:13: 	Registration error
info: Nov-27-2023 15:05:13: 	Login
info: Nov-27-2023 15:05:14: 	Login error
info: Nov-27-2023 15:06:11: 	UserAction
info: Nov-27-2023 15:06:17: 	Registration error
info: Nov-27-2023 15:06:17: 	Login
info: Nov-27-2023 15:06:18: 	Login error
info: Nov-27-2023 15:06:20: 	UserAction
info: Nov-27-2023 15:06:25: 	UserAction
info: Nov-27-2023 15:06:31: 	Registration error
info: Nov-27-2023 15:06:32: 	Login
info: Nov-27-2023 15:06:32: 	Login error
info: Nov-27-2023 15:08:52: 	UserAction
info: Nov-27-2023 15:09:18: 	UserAction
info: Nov-27-2023 15:09:25: 	Registration error
info: Nov-27-2023 15:09:25: 	Login
info: Nov-27-2023 15:09:25: 	Login error
info: Nov-27-2023 15:09:32: 	UserAction
info: Nov-27-2023 15:09:33: 	UserAction
info: Nov-27-2023 15:09:42: 	Registration error
info: Nov-27-2023 15:09:42: 	Login
info: Nov-27-2023 15:09:43: 	Login error
info: Nov-27-2023 15:11:39: 	UserAction
info: Nov-27-2023 15:11:52: 	UserAction
info: Nov-27-2023 15:12:00: 	Registration error
info: Nov-27-2023 15:12:00: 	Login
info: Nov-27-2023 15:12:01: 	Login error
info: Nov-27-2023 15:13:19: 	UserAction
info: Nov-27-2023 15:13:27: 	Registration error
info: Nov-27-2023 15:13:27: 	Login
info: Nov-27-2023 15:13:28: 	Login error
info: Nov-27-2023 15:13:42: 	UserAction
info: Nov-27-2023 15:13:48: 	Registration error
info: Nov-27-2023 15:13:49: 	Login
info: Nov-27-2023 15:13:49: 	Login error
info: Nov-27-2023 15:14:51: 	UserAction
info: Nov-27-2023 15:14:58: 	Registration error
info: Nov-27-2023 15:14:58: 	Login
info: Nov-27-2023 15:14:58: 	Login error
info: Nov-27-2023 15:15:34: 	UserAction
info: Nov-27-2023 15:15:40: 	Registration error
info: Nov-27-2023 15:15:40: 	Login
info: Nov-27-2023 15:15:40: 	Login error
info: Nov-27-2023 15:17:41: 	UserAction
info: Nov-27-2023 15:26:40: 	UserAction
info: Nov-27-2023 15:26:47: 	Registration error
info: Nov-27-2023 15:26:47: 	Login
info: Nov-27-2023 15:26:47: 	Login error
